{
  "RSpec": {
    "coverage": {
      "/Users/jparmenter/git/pers-jparmenter/ruby_on_rails_tutorial/sample_app/config/environment.rb": [
        null,
        1,
        null,
        null,
        1
      ],
      "/Users/jparmenter/git/pers-jparmenter/ruby_on_rails_tutorial/sample_app/config/application.rb": [
        1,
        null,
        null,
        1,
        1,
        1,
        1,
        1,
        1,
        null,
        null,
        null,
        null,
        1,
        null,
        1,
        1,
        null,
        1,
        null,
        null,
        null,
        null,
        null,
        null,
        null,
        null,
        null,
        null,
        null,
        null,
        null
      ],
      "/Users/jparmenter/git/pers-jparmenter/ruby_on_rails_tutorial/sample_app/config/boot.rb": [
        null,
        1,
        null,
        1
      ],
      "/Users/jparmenter/git/pers-jparmenter/ruby_on_rails_tutorial/sample_app/config/environments/test.rb": [
        1,
        null,
        null,
        null,
        null,
        null,
        null,
        1,
        null,
        null,
        null,
        null,
        1,
        null,
        null,
        1,
        1,
        null,
        null,
        1,
        1,
        null,
        null,
        1,
        null,
        null,
        1,
        null,
        null,
        null,
        null,
        1,
        null,
        null,
        1,
        null,
        null,
        null,
        1,
        null
      ],
      "/Users/jparmenter/git/pers-jparmenter/ruby_on_rails_tutorial/sample_app/config/initializers/assets.rb": [
        null,
        null,
        null,
        1,
        null,
        null,
        null,
        null
      ],
      "/Users/jparmenter/git/pers-jparmenter/ruby_on_rails_tutorial/sample_app/config/initializers/backtrace_silencers.rb": [
        null,
        null,
        null,
        null,
        null,
        null,
        null
      ],
      "/Users/jparmenter/git/pers-jparmenter/ruby_on_rails_tutorial/sample_app/config/initializers/cookies_serializer.rb": [
        null,
        null,
        1
      ],
      "/Users/jparmenter/git/pers-jparmenter/ruby_on_rails_tutorial/sample_app/config/initializers/filter_parameter_logging.rb": [
        null,
        null,
        null,
        1
      ],
      "/Users/jparmenter/git/pers-jparmenter/ruby_on_rails_tutorial/sample_app/config/initializers/inflections.rb": [
        null,
        null,
        null,
        null,
        null,
        null,
        null,
        null,
        null,
        null,
        null,
        null,
        null,
        null,
        null,
        null
      ],
      "/Users/jparmenter/git/pers-jparmenter/ruby_on_rails_tutorial/sample_app/config/initializers/mime_types.rb": [
        null,
        null,
        null,
        null
      ],
      "/Users/jparmenter/git/pers-jparmenter/ruby_on_rails_tutorial/sample_app/config/initializers/secret_token.rb": [
        1,
        null,
        1,
        1,
        1,
        1,
        null,
        0,
        0,
        0,
        null,
        null,
        null,
        1
      ],
      "/Users/jparmenter/git/pers-jparmenter/ruby_on_rails_tutorial/sample_app/config/initializers/session_store.rb": [
        null,
        null,
        1
      ],
      "/Users/jparmenter/git/pers-jparmenter/ruby_on_rails_tutorial/sample_app/config/initializers/wrap_parameters.rb": [
        null,
        null,
        null,
        null,
        null,
        null,
        1,
        1,
        null,
        null,
        null,
        null,
        null,
        null
      ],
      "/Users/jparmenter/git/pers-jparmenter/ruby_on_rails_tutorial/sample_app/config/routes.rb": [
        1,
        1,
        1,
        1,
        1,
        1,
        1,
        1,
        1,
        1,
        null,
        null,
        null,
        null,
        null,
        null,
        null,
        null,
        null,
        null,
        null,
        null,
        null,
        null,
        null,
        null,
        null,
        null,
        null,
        null,
        null,
        null,
        null,
        null,
        null,
        null,
        null,
        null,
        null,
        null,
        null,
        null,
        null,
        null,
        null,
        null,
        null,
        null,
        null,
        null,
        null,
        null,
        null,
        null,
        null,
        null,
        null,
        null,
        null,
        null,
        null,
        null,
        null,
        null,
        null
      ],
      "/Users/jparmenter/git/pers-jparmenter/ruby_on_rails_tutorial/sample_app/app/helpers/application_helper.rb": [
        1,
        null,
        1,
        170,
        170,
        12,
        null,
        158,
        null,
        null,
        null
      ],
      "/Users/jparmenter/git/pers-jparmenter/ruby_on_rails_tutorial/sample_app/app/helpers/sessions_helper.rb": [
        1,
        1,
        32,
        32,
        32,
        32,
        null,
        null,
        1,
        183,
        null,
        null,
        1,
        1,
        1,
        1,
        null,
        null,
        1,
        33,
        null,
        null,
        1,
        409,
        409,
        null,
        null,
        1,
        26,
        null,
        null,
        1,
        28,
        28,
        null,
        null,
        1,
        4,
        null,
        null
      ],
      "/Users/jparmenter/git/pers-jparmenter/ruby_on_rails_tutorial/sample_app/app/helpers/static_pages_helper.rb": [
        1,
        null
      ],
      "/Users/jparmenter/git/pers-jparmenter/ruby_on_rails_tutorial/sample_app/app/helpers/users_helper.rb": [
        1,
        1,
        122,
        122,
        122,
        122,
        null,
        null
      ],
      "/Users/jparmenter/git/pers-jparmenter/ruby_on_rails_tutorial/sample_app/app/models/user.rb": [
        1,
        1,
        125,
        1,
        1,
        1,
        1,
        1,
        null,
        1,
        118,
        null,
        null,
        1,
        527,
        null,
        null,
        1,
        null,
        1,
        81,
        null,
        null
      ],
      "/Users/jparmenter/git/pers-jparmenter/ruby_on_rails_tutorial/sample_app/app/controllers/users_controller.rb": [
        1,
        1,
        1,
        1,
        null,
        1,
        12,
        null,
        null,
        1,
        38,
        null,
        null,
        1,
        15,
        null,
        null,
        1,
        12,
        12,
        4,
        4,
        4,
        null,
        8,
        null,
        null,
        null,
        1,
        10,
        null,
        null,
        1,
        6,
        6,
        5,
        5,
        null,
        1,
        null,
        null,
        null,
        1,
        1,
        1,
        1,
        null,
        null,
        1,
        1,
        18,
        null,
        null,
        1,
        37,
        4,
        4,
        null,
        null,
        null,
        1,
        19,
        19,
        null,
        null,
        1,
        2,
        null,
        null
      ],
      "/Users/jparmenter/git/pers-jparmenter/ruby_on_rails_tutorial/sample_app/app/controllers/application_controller.rb": [
        1,
        null,
        null,
        1,
        1,
        null
      ],
      "/Users/jparmenter/git/pers-jparmenter/ruby_on_rails_tutorial/sample_app/app/controllers/sessions_controller.rb": [
        1,
        1,
        null,
        null,
        1,
        31,
        31,
        28,
        28,
        null,
        3,
        3,
        null,
        null,
        null,
        1,
        1,
        1,
        null,
        null
      ],
      "/Users/jparmenter/git/pers-jparmenter/ruby_on_rails_tutorial/sample_app/app/controllers/static_pages_controller.rb": [
        1,
        1,
        null,
        null,
        1,
        null,
        null,
        1,
        null,
        null,
        1,
        null,
        null
      ]
    },
    "timestamp": 1407546192
  }
}
